android/app/build/intermediates/manifest_merge_blame_file/debug/manifest-merger-blame-debug-report.txt
1<?xml version="1.0" encoding="utf-8"?>
2<manifest xmlns:android="http://schemas.android.com/apk/res/android"
3    package="com.example.socialapp"
4    android:versionCode="1"
5    android:versionName="1.0.1" >
6
7    <uses-sdk
8        android:minSdkVersion="21"
9        android:targetSdkVersion="34" />
10    <!--
11         The INTERNET permission is required for development. Specifically,
12         the Flutter tool needs it to communicate with the running application
13         to allow setting breakpoints, to provide hot reload, etc.
14    -->
15    <uses-permission android:name="android.permission.INTERNET" />
15-->src\debug\AndroidManifest.xml:6:5-66
15-->src\debug\AndroidManifest.xml:6:22-64
16    <uses-permission
16-->src\main\AndroidManifest.xml:2:5-80
17        android:name="android.permission.READ_EXTERNAL_STORAGE"
17-->src\main\AndroidManifest.xml:2:22-77
18        android:maxSdkVersion="32" />
18-->[:file_picker] AndroidManifest.xml:11:9-35
19    <uses-permission android:name="android.permission.WRITE_EXTERNAL_STORAGE" />
19-->src\main\AndroidManifest.xml:3:5-81
19-->src\main\AndroidManifest.xml:3:22-78
20    <uses-permission android:name="android.permission.FOREGROUND_SERVICE_DATA_SYNC" />
20-->src\main\AndroidManifest.xml:4:5-87
20-->src\main\AndroidManifest.xml:4:22-84
21    <uses-permission android:name="android.permission.REQUEST_INSTALL_PACKAGES" />
21-->src\main\AndroidManifest.xml:5:5-83
21-->src\main\AndroidManifest.xml:5:22-80
22    <uses-permission android:name="android.permission.FOREGROUND_SERVICE" />
22-->src\main\AndroidManifest.xml:6:5-77
22-->src\main\AndroidManifest.xml:6:22-74
23    <uses-permission android:name="android.permission.ACCESS_BACKGROUND_LOCATION" />
23-->src\main\AndroidManifest.xml:7:5-84
23-->src\main\AndroidManifest.xml:7:22-82
24    <!--
25 Required to query activities that can process text, see:
26         https://developer.android.com/training/package-visibility and
27         https://developer.android.com/reference/android/content/Intent#ACTION_PROCESS_TEXT.
28
29         In particular, this is used by the Flutter engine in io.flutter.plugin.text.ProcessTextPlugin.
30    -->
31    <queries>
31-->src\main\AndroidManifest.xml:77:5-97:15
32        <intent>
32-->src\main\AndroidManifest.xml:78:9-81:18
33            <action android:name="android.intent.action.PROCESS_TEXT" />
33-->src\main\AndroidManifest.xml:79:13-72
33-->src\main\AndroidManifest.xml:79:21-70
34
35            <data android:mimeType="text/plain" />
35-->src\main\AndroidManifest.xml:80:13-50
35-->src\main\AndroidManifest.xml:80:19-48
36        </intent>
37
38        <!-- If your app checks for SMS support -->
39        <intent>
39-->src\main\AndroidManifest.xml:84:9-87:18
40            <action android:name="android.intent.action.VIEW" />
40-->src\main\AndroidManifest.xml:85:13-65
40-->src\main\AndroidManifest.xml:85:21-62
41
42            <data android:scheme="sms" />
42-->src\main\AndroidManifest.xml:80:13-50
43        </intent>
44        <!-- If your app checks for call support -->
45        <intent>
45-->src\main\AndroidManifest.xml:89:9-92:18
46            <action android:name="android.intent.action.VIEW" />
46-->src\main\AndroidManifest.xml:85:13-65
46-->src\main\AndroidManifest.xml:85:21-62
47
48            <data android:scheme="tel" />
48-->src\main\AndroidManifest.xml:80:13-50
49        </intent>
50        <!-- If your application checks for inAppBrowserView launch mode support -->
51        <intent>
51-->src\main\AndroidManifest.xml:94:9-96:18
52            <action android:name="android.support.customtabs.action.CustomTabsService" />
52-->src\main\AndroidManifest.xml:95:13-90
52-->src\main\AndroidManifest.xml:95:21-87
53        </intent>
54        <intent>
54-->[:file_picker] AndroidManifest.xml:14:9-18:18
55            <action android:name="android.intent.action.GET_CONTENT" />
55-->[:file_picker] AndroidManifest.xml:15:13-72
55-->[:file_picker] AndroidManifest.xml:15:21-69
56
57            <data android:mimeType="*/*" />
57-->src\main\AndroidManifest.xml:80:13-50
57-->src\main\AndroidManifest.xml:80:19-48
58        </intent>
59        <intent>
59-->[:flutter_downloader] AndroidManifest.xml:11:9-13:18
60            <action android:name="android.intent.action.VIEW" />
60-->src\main\AndroidManifest.xml:85:13-65
60-->src\main\AndroidManifest.xml:85:21-62
61        </intent>
62        <intent>
62-->[androidx.media2:media2-session:1.2.1] AndroidManifest.xml:25:9-27:18
63            <action android:name="android.media.browse.MediaBrowserService" />
63-->[androidx.media2:media2-session:1.2.1] AndroidManifest.xml:26:13-79
63-->[androidx.media2:media2-session:1.2.1] AndroidManifest.xml:26:21-76
64        </intent>
65        <intent>
65-->[androidx.media2:media2-session:1.2.1] AndroidManifest.xml:28:9-30:18
66            <action android:name="androidx.media2.session.MediaSessionService" />
66-->[androidx.media2:media2-session:1.2.1] AndroidManifest.xml:29:13-82
66-->[androidx.media2:media2-session:1.2.1] AndroidManifest.xml:29:21-79
67        </intent>
68        <intent>
68-->[androidx.media2:media2-session:1.2.1] AndroidManifest.xml:31:9-33:18
69            <action android:name="androidx.media2.session.MediaLibraryService" />
69-->[androidx.media2:media2-session:1.2.1] AndroidManifest.xml:32:13-82
69-->[androidx.media2:media2-session:1.2.1] AndroidManifest.xml:32:21-79
70        </intent> <!-- For browser content -->
71        <intent>
71-->[com.google.android.gms:play-services-ads-lite:23.0.0] AndroidManifest.xml:38:9-44:18
72            <action android:name="android.intent.action.VIEW" />
72-->src\main\AndroidManifest.xml:85:13-65
72-->src\main\AndroidManifest.xml:85:21-62
73
74            <category android:name="android.intent.category.BROWSABLE" />
74-->[com.google.android.gms:play-services-ads-lite:23.0.0] AndroidManifest.xml:41:13-74
74-->[com.google.android.gms:play-services-ads-lite:23.0.0] AndroidManifest.xml:41:23-71
75
76            <data android:scheme="https" />
76-->src\main\AndroidManifest.xml:80:13-50
77        </intent>
78    </queries>
79
80    <uses-permission android:name="android.permission.ACCESS_NETWORK_STATE" />
80-->[:connectivity_plus] AndroidManifest.xml:9:5-79
80-->[:connectivity_plus] AndroidManifest.xml:9:22-76
81    <uses-permission android:name="android.permission.POST_NOTIFICATIONS" />
81-->[:flutter_downloader] AndroidManifest.xml:16:5-77
81-->[:flutter_downloader] AndroidManifest.xml:16:22-74
82    <uses-permission android:name="android.permission.VIBRATE" />
82-->[:flutter_local_notifications] AndroidManifest.xml:9:5-66
82-->[:flutter_local_notifications] AndroidManifest.xml:9:22-63
83    <uses-permission android:name="android.permission.ACCESS_COARSE_LOCATION" />
83-->[:location] AndroidManifest.xml:9:5-81
83-->[:location] AndroidManifest.xml:9:22-78
84    <uses-permission android:name="android.permission.ACCESS_FINE_LOCATION" />
84-->[:location] AndroidManifest.xml:10:5-79
84-->[:location] AndroidManifest.xml:10:22-76
85    <uses-permission android:name="android.permission.BLUETOOTH" />
85-->[com.github.canardoux:flutter_sound_core:9.8.1] AndroidManifest.xml:11:5-68
85-->[com.github.canardoux:flutter_sound_core:9.8.1] AndroidManifest.xml:11:22-65
86    <uses-permission android:name="android.permission.WAKE_LOCK" />
86-->[com.github.canardoux:flutter_sound_core:9.8.1] AndroidManifest.xml:12:5-68
86-->[com.github.canardoux:flutter_sound_core:9.8.1] AndroidManifest.xml:12:22-65
87    <uses-permission android:name="android.permission.MODIFY_AUDIO_SETTINGS" /> <!-- Create a unique permission for your app and use it so only your app can receive your OneSignal messages. -->
87-->[com.github.canardoux:flutter_sound_core:9.8.1] AndroidManifest.xml:13:5-80
87-->[com.github.canardoux:flutter_sound_core:9.8.1] AndroidManifest.xml:13:22-77
88    <permission
88-->[com.onesignal:notifications:5.1.17] AndroidManifest.xml:10:5-12:47
89        android:name="com.example.socialapp.permission.C2D_MESSAGE"
89-->[com.onesignal:notifications:5.1.17] AndroidManifest.xml:11:9-63
90        android:protectionLevel="signature" />
90-->[com.onesignal:notifications:5.1.17] AndroidManifest.xml:12:9-44
91
92    <uses-permission android:name="com.example.socialapp.permission.C2D_MESSAGE" /> <!-- c2dm RECEIVE are basic requirements for push messages through Google's FCM -->
92-->[com.onesignal:notifications:5.1.17] AndroidManifest.xml:14:5-79
92-->[com.onesignal:notifications:5.1.17] AndroidManifest.xml:14:22-76
93    <uses-permission android:name="com.google.android.c2dm.permission.RECEIVE" />
93-->[com.onesignal:notifications:5.1.17] AndroidManifest.xml:19:5-82
93-->[com.onesignal:notifications:5.1.17] AndroidManifest.xml:19:22-79
94    <!--
95 Use to restore notifications the user hasn't interacted with.
96     They could be missed notifications if the user reboots their device if this isn't in place.
97    -->
98    <uses-permission android:name="android.permission.RECEIVE_BOOT_COMPLETED" /> <!-- START: ShortcutBadger -->
98-->[com.onesignal:notifications:5.1.17] AndroidManifest.xml:29:5-81
98-->[com.onesignal:notifications:5.1.17] AndroidManifest.xml:29:22-78
99    <!-- Samsung -->
100    <uses-permission android:name="com.sec.android.provider.badge.permission.READ" />
100-->[com.onesignal:notifications:5.1.17] AndroidManifest.xml:31:5-86
100-->[com.onesignal:notifications:5.1.17] AndroidManifest.xml:31:22-83
101    <uses-permission android:name="com.sec.android.provider.badge.permission.WRITE" /> <!-- HTC -->
101-->[com.onesignal:notifications:5.1.17] AndroidManifest.xml:32:5-87
101-->[com.onesignal:notifications:5.1.17] AndroidManifest.xml:32:22-84
102    <uses-permission android:name="com.htc.launcher.permission.READ_SETTINGS" />
102-->[com.onesignal:notifications:5.1.17] AndroidManifest.xml:33:5-81
102-->[com.onesignal:notifications:5.1.17] AndroidManifest.xml:33:22-78
103    <uses-permission android:name="com.htc.launcher.permission.UPDATE_SHORTCUT" /> <!-- Sony -->
103-->[com.onesignal:notifications:5.1.17] AndroidManifest.xml:34:5-83
103-->[com.onesignal:notifications:5.1.17] AndroidManifest.xml:34:22-80
104    <uses-permission android:name="com.sonyericsson.home.permission.BROADCAST_BADGE" />
104-->[com.onesignal:notifications:5.1.17] AndroidManifest.xml:35:5-88
104-->[com.onesignal:notifications:5.1.17] AndroidManifest.xml:35:22-85
105    <uses-permission android:name="com.sonymobile.home.permission.PROVIDER_INSERT_BADGE" /> <!-- Apex -->
105-->[com.onesignal:notifications:5.1.17] AndroidManifest.xml:36:5-92
105-->[com.onesignal:notifications:5.1.17] AndroidManifest.xml:36:22-89
106    <uses-permission android:name="com.anddoes.launcher.permission.UPDATE_COUNT" /> <!-- Solid -->
106-->[com.onesignal:notifications:5.1.17] AndroidManifest.xml:37:5-84
106-->[com.onesignal:notifications:5.1.17] AndroidManifest.xml:37:22-81
107    <uses-permission android:name="com.majeur.launcher.permission.UPDATE_BADGE" /> <!-- Huawei -->
107-->[com.onesignal:notifications:5.1.17] AndroidManifest.xml:38:5-83
107-->[com.onesignal:notifications:5.1.17] AndroidManifest.xml:38:22-80
108    <uses-permission android:name="com.huawei.android.launcher.permission.CHANGE_BADGE" />
108-->[com.onesignal:notifications:5.1.17] AndroidManifest.xml:39:5-91
108-->[com.onesignal:notifications:5.1.17] AndroidManifest.xml:39:22-88
109    <uses-permission android:name="com.huawei.android.launcher.permission.READ_SETTINGS" />
109-->[com.onesignal:notifications:5.1.17] AndroidManifest.xml:40:5-92
109-->[com.onesignal:notifications:5.1.17] AndroidManifest.xml:40:22-89
110    <uses-permission android:name="com.huawei.android.launcher.permission.WRITE_SETTINGS" /> <!-- ZUK -->
110-->[com.onesignal:notifications:5.1.17] AndroidManifest.xml:41:5-93
110-->[com.onesignal:notifications:5.1.17] AndroidManifest.xml:41:22-90
111    <uses-permission android:name="android.permission.READ_APP_BADGE" /> <!-- OPPO -->
111-->[com.onesignal:notifications:5.1.17] AndroidManifest.xml:42:5-73
111-->[com.onesignal:notifications:5.1.17] AndroidManifest.xml:42:22-70
112    <uses-permission android:name="com.oppo.launcher.permission.READ_SETTINGS" />
112-->[com.onesignal:notifications:5.1.17] AndroidManifest.xml:43:5-82
112-->[com.onesignal:notifications:5.1.17] AndroidManifest.xml:43:22-79
113    <uses-permission android:name="com.oppo.launcher.permission.WRITE_SETTINGS" /> <!-- EvMe -->
113-->[com.onesignal:notifications:5.1.17] AndroidManifest.xml:44:5-83
113-->[com.onesignal:notifications:5.1.17] AndroidManifest.xml:44:22-80
114    <uses-permission android:name="me.everything.badger.permission.BADGE_COUNT_READ" />
114-->[com.onesignal:notifications:5.1.17] AndroidManifest.xml:45:5-88
114-->[com.onesignal:notifications:5.1.17] AndroidManifest.xml:45:22-85
115    <uses-permission android:name="me.everything.badger.permission.BADGE_COUNT_WRITE" />
115-->[com.onesignal:notifications:5.1.17] AndroidManifest.xml:46:5-89
115-->[com.onesignal:notifications:5.1.17] AndroidManifest.xml:46:22-86
116    <uses-permission android:name="com.google.android.gms.permission.AD_ID" />
116-->[com.google.android.gms:play-services-ads-lite:23.0.0] AndroidManifest.xml:26:5-79
116-->[com.google.android.gms:play-services-ads-lite:23.0.0] AndroidManifest.xml:26:22-76
117    <uses-permission android:name="android.permission.ACCESS_ADSERVICES_AD_ID" />
117-->[com.google.android.gms:play-services-ads-lite:23.0.0] AndroidManifest.xml:27:5-82
117-->[com.google.android.gms:play-services-ads-lite:23.0.0] AndroidManifest.xml:27:22-79
118    <uses-permission android:name="android.permission.ACCESS_ADSERVICES_ATTRIBUTION" />
118-->[com.google.android.gms:play-services-ads-lite:23.0.0] AndroidManifest.xml:28:5-88
118-->[com.google.android.gms:play-services-ads-lite:23.0.0] AndroidManifest.xml:28:22-85
119    <uses-permission android:name="android.permission.ACCESS_ADSERVICES_TOPICS" />
119-->[com.google.android.gms:play-services-ads-lite:23.0.0] AndroidManifest.xml:29:5-83
119-->[com.google.android.gms:play-services-ads-lite:23.0.0] AndroidManifest.xml:29:22-80
120
121    <permission
121-->[androidx.core:core:1.13.1] AndroidManifest.xml:22:5-24:47
122        android:name="com.example.socialapp.DYNAMIC_RECEIVER_NOT_EXPORTED_PERMISSION"
122-->[androidx.core:core:1.13.1] AndroidManifest.xml:23:9-81
123        android:protectionLevel="signature" />
123-->[androidx.core:core:1.13.1] AndroidManifest.xml:24:9-44
124
125    <uses-permission android:name="com.example.socialapp.DYNAMIC_RECEIVER_NOT_EXPORTED_PERMISSION" />
125-->[androidx.core:core:1.13.1] AndroidManifest.xml:26:5-97
125-->[androidx.core:core:1.13.1] AndroidManifest.xml:26:22-94
126
127    <application
128        android:name="android.app.Application"
129        android:appComponentFactory="androidx.core.app.CoreComponentFactory"
129-->[androidx.core:core:1.13.1] AndroidManifest.xml:28:18-86
130        android:debuggable="true"
131        android:icon="@mipmap/ic_launcher"
132        android:label="SOCIAL"
133        android:roundIcon="@mipmap/ic_launcher_rounded" >
134        <provider
135            android:name="vn.hunghd.flutterdownloader.DownloadedFileProvider"
136            android:authorities="com.example.socialapp.flutter_downloader.provider"
137            android:exported="false"
138            android:grantUriPermissions="true" >
139            <meta-data
139-->[:image_picker_android] AndroidManifest.xml:16:13-18:75
140                android:name="android.support.FILE_PROVIDER_PATHS"
140-->[:image_picker_android] AndroidManifest.xml:17:17-67
141                android:resource="@xml/provider_paths" />
141-->[:image_picker_android] AndroidManifest.xml:18:17-72
142        </provider>
143
144        <activity
145            android:name="com.example.socialapp.MainActivity"
146            android:configChanges="orientation|keyboardHidden|keyboard|screenSize|smallestScreenSize|locale|layoutDirection|fontScale|screenLayout|density|uiMode"
147            android:exported="true"
148            android:hardwareAccelerated="true"
149            android:launchMode="singleTop"
150            android:taskAffinity=""
151            android:theme="@style/LaunchTheme"
152            android:windowSoftInputMode="adjustResize" >
153
154            <!--
155                 Specifies an Android theme to apply to this Activity as soon as
156                 the Android process has started. This theme is visible to the user
157                 while the Flutter UI initializes. After that, this theme continues
158                 to determine the Window background behind the Flutter UI.
159            -->
160            <meta-data
161                android:name="io.flutter.embedding.android.NormalTheme"
162                android:resource="@style/NormalTheme" />
163
164            <intent-filter>
165                <action android:name="android.intent.action.MAIN" />
166
167                <category android:name="android.intent.category.LAUNCHER" />
168            </intent-filter>
169        </activity>
170        <!--
171             Don't delete the meta-data below.
172             This is used by the Flutter tool to generate GeneratedPluginRegistrant.java
173        -->
174        <meta-data
175            android:name="flutterEmbedding"
176            android:value="2" />
177
178        <!-- OneSignal Notification Icon -->
179        <meta-data
180            android:name="com.onesignal.messaging.default_notification_icon"
181            android:resource="@drawable/ic_stat_onesignal_default" />
182        <!--
183        <meta-data
184            android:name="com.onesignal.NotificationAccentColor.DEFAULT"
185            android:value="FFFFFF" />
186        -->
187        <!-- // -->
188
189        <meta-data
190            android:name="flutterEmbedding"
191            android:value="2" />
192        <meta-data
193            android:name="com.google.android.gms.ads.APPLICATION_ID"
194            android:value="ca-app-pub-7492523185817229~7338342341" />
195
196        <provider
196-->[:image_picker_android] AndroidManifest.xml:11:9-19:20
197            android:name="io.flutter.plugins.imagepicker.ImagePickerFileProvider"
197-->[:image_picker_android] AndroidManifest.xml:12:13-82
198            android:authorities="com.example.socialapp.flutter.image_provider"
198-->[:image_picker_android] AndroidManifest.xml:13:13-74
199            android:exported="false"
199-->[:image_picker_android] AndroidManifest.xml:14:13-37
200            android:grantUriPermissions="true" >
200-->[:image_picker_android] AndroidManifest.xml:15:13-47
201            <meta-data
201-->[:image_picker_android] AndroidManifest.xml:16:13-18:75
202                android:name="android.support.FILE_PROVIDER_PATHS"
202-->[:image_picker_android] AndroidManifest.xml:17:17-67
203                android:resource="@xml/flutter_image_picker_file_paths" />
203-->[:image_picker_android] AndroidManifest.xml:18:17-72
204        </provider> <!-- Trigger Google Play services to install the backported photo picker module. -->
205        <service
205-->[:image_picker_android] AndroidManifest.xml:21:9-33:19
206            android:name="com.google.android.gms.metadata.ModuleDependencies"
206-->[:image_picker_android] AndroidManifest.xml:22:13-78
207            android:enabled="false"
207-->[:image_picker_android] AndroidManifest.xml:23:13-36
208            android:exported="false" >
208-->[:image_picker_android] AndroidManifest.xml:24:13-37
209            <intent-filter>
209-->[:image_picker_android] AndroidManifest.xml:26:13-28:29
210                <action android:name="com.google.android.gms.metadata.MODULE_DEPENDENCIES" />
210-->[:image_picker_android] AndroidManifest.xml:27:17-94
210-->[:image_picker_android] AndroidManifest.xml:27:25-91
211            </intent-filter>
212
213            <meta-data
213-->[:image_picker_android] AndroidManifest.xml:30:13-32:36
214                android:name="photopicker_activity:0:required"
214-->[:image_picker_android] AndroidManifest.xml:31:17-63
215                android:value="" />
215-->[:image_picker_android] AndroidManifest.xml:32:17-33
216        </service>
217
218        <meta-data
218-->[:google_mobile_ads] AndroidManifest.xml:12:9-14:36
219            android:name="io.flutter.embedded_views_preview"
219-->[:google_mobile_ads] AndroidManifest.xml:13:13-61
220            android:value="true" />
220-->[:google_mobile_ads] AndroidManifest.xml:14:13-33
221
222        <service
222-->[:location] AndroidManifest.xml:13:9-17:56
223            android:name="com.lyokone.location.FlutterLocationService"
223-->[:location] AndroidManifest.xml:14:13-71
224            android:enabled="true"
224-->[:location] AndroidManifest.xml:15:13-35
225            android:exported="false"
225-->[:location] AndroidManifest.xml:16:13-37
226            android:foregroundServiceType="location" />
226-->[:location] AndroidManifest.xml:17:13-53
227
228        <activity
228-->[:url_launcher_android] AndroidManifest.xml:10:9-13:74
229            android:name="io.flutter.plugins.urllauncher.WebViewActivity"
229-->[:url_launcher_android] AndroidManifest.xml:11:13-74
230            android:exported="false"
230-->[:url_launcher_android] AndroidManifest.xml:12:13-37
231            android:theme="@android:style/Theme.NoTitleBar.Fullscreen" />
231-->[:url_launcher_android] AndroidManifest.xml:13:13-71
232
233        <receiver
233-->[com.onesignal:notifications:5.1.17] AndroidManifest.xml:49:9-60:20
234            android:name="com.onesignal.notifications.receivers.FCMBroadcastReceiver"
234-->[com.onesignal:notifications:5.1.17] AndroidManifest.xml:50:13-86
235            android:exported="true"
235-->[com.onesignal:notifications:5.1.17] AndroidManifest.xml:51:13-36
236            android:permission="com.google.android.c2dm.permission.SEND" >
236-->[com.onesignal:notifications:5.1.17] AndroidManifest.xml:52:13-73
237
238            <!-- High priority so OneSignal payloads can be filtered from other FCM receivers -->
239            <intent-filter android:priority="999" >
239-->[com.onesignal:notifications:5.1.17] AndroidManifest.xml:55:13-59:29
239-->[com.onesignal:notifications:5.1.17] AndroidManifest.xml:55:28-50
240                <action android:name="com.google.android.c2dm.intent.RECEIVE" />
240-->[com.onesignal:notifications:5.1.17] AndroidManifest.xml:56:17-81
240-->[com.onesignal:notifications:5.1.17] AndroidManifest.xml:56:25-78
241
242                <category android:name="com.example.socialapp" />
242-->[com.onesignal:notifications:5.1.17] AndroidManifest.xml:58:17-61
242-->[com.onesignal:notifications:5.1.17] AndroidManifest.xml:58:27-58
243            </intent-filter>
244        </receiver>
245
246        <service
246-->[com.onesignal:notifications:5.1.17] AndroidManifest.xml:62:9-68:19
247            android:name="com.onesignal.notifications.services.HmsMessageServiceOneSignal"
247-->[com.onesignal:notifications:5.1.17] AndroidManifest.xml:63:13-91
248            android:exported="false" >
248-->[com.onesignal:notifications:5.1.17] AndroidManifest.xml:64:13-37
249            <intent-filter>
249-->[com.onesignal:notifications:5.1.17] AndroidManifest.xml:65:13-67:29
250                <action android:name="com.huawei.push.action.MESSAGING_EVENT" />
250-->[com.onesignal:notifications:5.1.17] AndroidManifest.xml:66:17-81
250-->[com.onesignal:notifications:5.1.17] AndroidManifest.xml:66:25-78
251            </intent-filter>
252        </service>
253
254        <activity
254-->[com.onesignal:notifications:5.1.17] AndroidManifest.xml:70:9-78:20
255            android:name="com.onesignal.notifications.activities.NotificationOpenedActivityHMS"
255-->[com.onesignal:notifications:5.1.17] AndroidManifest.xml:71:13-96
256            android:exported="true"
256-->[com.onesignal:notifications:5.1.17] AndroidManifest.xml:72:13-36
257            android:noHistory="true"
257-->[com.onesignal:notifications:5.1.17] AndroidManifest.xml:73:13-37
258            android:theme="@android:style/Theme.Translucent.NoTitleBar" >
258-->[com.onesignal:notifications:5.1.17] AndroidManifest.xml:74:13-72
259            <intent-filter>
259-->[com.onesignal:notifications:5.1.17] AndroidManifest.xml:75:13-77:29
260                <action android:name="android.intent.action.VIEW" />
260-->src\main\AndroidManifest.xml:85:13-65
260-->src\main\AndroidManifest.xml:85:21-62
261            </intent-filter>
262        </activity>
263
264        <receiver
264-->[com.onesignal:notifications:5.1.17] AndroidManifest.xml:80:9-82:39
265            android:name="com.onesignal.notifications.receivers.NotificationDismissReceiver"
265-->[com.onesignal:notifications:5.1.17] AndroidManifest.xml:81:13-93
266            android:exported="true" />
266-->[com.onesignal:notifications:5.1.17] AndroidManifest.xml:82:13-36
267        <receiver
267-->[com.onesignal:notifications:5.1.17] AndroidManifest.xml:83:9-90:20
268            android:name="com.onesignal.notifications.receivers.BootUpReceiver"
268-->[com.onesignal:notifications:5.1.17] AndroidManifest.xml:84:13-80
269            android:exported="true" >
269-->[com.onesignal:notifications:5.1.17] AndroidManifest.xml:85:13-36
270            <intent-filter>
270-->[com.onesignal:notifications:5.1.17] AndroidManifest.xml:86:13-89:29
271                <action android:name="android.intent.action.BOOT_COMPLETED" />
271-->[com.onesignal:notifications:5.1.17] AndroidManifest.xml:87:17-79
271-->[com.onesignal:notifications:5.1.17] AndroidManifest.xml:87:25-76
272                <action android:name="android.intent.action.QUICKBOOT_POWERON" />
272-->[com.onesignal:notifications:5.1.17] AndroidManifest.xml:88:17-82
272-->[com.onesignal:notifications:5.1.17] AndroidManifest.xml:88:25-79
273            </intent-filter>
274        </receiver>
275        <receiver
275-->[com.onesignal:notifications:5.1.17] AndroidManifest.xml:91:9-97:20
276            android:name="com.onesignal.notifications.receivers.UpgradeReceiver"
276-->[com.onesignal:notifications:5.1.17] AndroidManifest.xml:92:13-81
277            android:exported="true" >
277-->[com.onesignal:notifications:5.1.17] AndroidManifest.xml:93:13-36
278            <intent-filter>
278-->[com.onesignal:notifications:5.1.17] AndroidManifest.xml:94:13-96:29
279                <action android:name="android.intent.action.MY_PACKAGE_REPLACED" />
279-->[com.onesignal:notifications:5.1.17] AndroidManifest.xml:95:17-84
279-->[com.onesignal:notifications:5.1.17] AndroidManifest.xml:95:25-81
280            </intent-filter>
281        </receiver>
282
283        <activity
283-->[com.onesignal:notifications:5.1.17] AndroidManifest.xml:99:9-105:75
284            android:name="com.onesignal.notifications.activities.NotificationOpenedActivity"
284-->[com.onesignal:notifications:5.1.17] AndroidManifest.xml:100:13-93
285            android:excludeFromRecents="true"
285-->[com.onesignal:notifications:5.1.17] AndroidManifest.xml:101:13-46
286            android:exported="true"
286-->[com.onesignal:notifications:5.1.17] AndroidManifest.xml:102:13-36
287            android:noHistory="true"
287-->[com.onesignal:notifications:5.1.17] AndroidManifest.xml:103:13-37
288            android:taskAffinity=""
288-->[com.onesignal:notifications:5.1.17] AndroidManifest.xml:104:13-36
289            android:theme="@android:style/Theme.Translucent.NoTitleBar" />
289-->[com.onesignal:notifications:5.1.17] AndroidManifest.xml:105:13-72
290        <activity
290-->[com.onesignal:notifications:5.1.17] AndroidManifest.xml:106:9-111:75
291            android:name="com.onesignal.notifications.activities.NotificationOpenedActivityAndroid22AndOlder"
291-->[com.onesignal:notifications:5.1.17] AndroidManifest.xml:107:13-110
292            android:excludeFromRecents="true"
292-->[com.onesignal:notifications:5.1.17] AndroidManifest.xml:108:13-46
293            android:exported="true"
293-->[com.onesignal:notifications:5.1.17] AndroidManifest.xml:109:13-36
294            android:noHistory="true"
294-->[com.onesignal:notifications:5.1.17] AndroidManifest.xml:110:13-37
295            android:theme="@android:style/Theme.Translucent.NoTitleBar" />
295-->[com.onesignal:notifications:5.1.17] AndroidManifest.xml:111:13-72
296
297        <service
297-->[com.onesignal:core:5.1.17] AndroidManifest.xml:13:9-16:43
298            android:name="com.onesignal.core.services.SyncService"
298-->[com.onesignal:core:5.1.17] AndroidManifest.xml:14:13-67
299            android:exported="false"
299-->[com.onesignal:core:5.1.17] AndroidManifest.xml:15:13-37
300            android:stopWithTask="true" />
300-->[com.onesignal:core:5.1.17] AndroidManifest.xml:16:13-40
301        <service
301-->[com.onesignal:core:5.1.17] AndroidManifest.xml:17:9-20:72
302            android:name="com.onesignal.core.services.SyncJobService"
302-->[com.onesignal:core:5.1.17] AndroidManifest.xml:18:13-70
303            android:exported="false"
303-->[com.onesignal:core:5.1.17] AndroidManifest.xml:19:13-37
304            android:permission="android.permission.BIND_JOB_SERVICE" />
304-->[com.onesignal:core:5.1.17] AndroidManifest.xml:20:13-69
305
306        <activity
306-->[com.onesignal:core:5.1.17] AndroidManifest.xml:22:9-25:75
307            android:name="com.onesignal.core.activities.PermissionsActivity"
307-->[com.onesignal:core:5.1.17] AndroidManifest.xml:23:13-77
308            android:exported="false"
308-->[com.onesignal:core:5.1.17] AndroidManifest.xml:24:13-37
309            android:theme="@android:style/Theme.Translucent.NoTitleBar" /> <!-- Include the AdActivity and InAppPurchaseActivity configChanges and themes. -->
309-->[com.onesignal:core:5.1.17] AndroidManifest.xml:25:13-72
310        <activity
310-->[com.google.android.gms:play-services-ads-lite:23.0.0] AndroidManifest.xml:56:9-61:43
311            android:name="com.google.android.gms.ads.AdActivity"
311-->[com.google.android.gms:play-services-ads-lite:23.0.0] AndroidManifest.xml:57:13-65